[0.046s] Invoking command in '/home/mariem/ros2_ws/build/audio_play': AMENT_PREFIX_PATH=/home/mariem/ros2_ws/install/audio_common_msgs:${AMENT_PREFIX_PATH} CMAKE_PREFIX_PATH=/home/mariem/ros2_ws/install/audio_common_msgs:/home/mariem/ros2_audio_ws/install/audio_common_msgs:/opt/ros/humble LD_LIBRARY_PATH=/home/mariem/ros2_ws/install/audio_common_msgs/lib:${LD_LIBRARY_PATH} PYTHONPATH=/home/mariem/ros2_ws/install/audio_common_msgs/local/lib/python3.10/dist-packages:${PYTHONPATH} /usr/bin/cmake --build /home/mariem/ros2_ws/build/audio_play -- -j1 -l1
[0.411s] [ 50%] Built target audio_play
[0.543s] [100%] Built target audio_play_node
[0.579s] Invoked command in '/home/mariem/ros2_ws/build/audio_play' returned '0': AMENT_PREFIX_PATH=/home/mariem/ros2_ws/install/audio_common_msgs:${AMENT_PREFIX_PATH} CMAKE_PREFIX_PATH=/home/mariem/ros2_ws/install/audio_common_msgs:/home/mariem/ros2_audio_ws/install/audio_common_msgs:/opt/ros/humble LD_LIBRARY_PATH=/home/mariem/ros2_ws/install/audio_common_msgs/lib:${LD_LIBRARY_PATH} PYTHONPATH=/home/mariem/ros2_ws/install/audio_common_msgs/local/lib/python3.10/dist-packages:${PYTHONPATH} /usr/bin/cmake --build /home/mariem/ros2_ws/build/audio_play -- -j1 -l1
[0.597s] Invoking command in '/home/mariem/ros2_ws/build/audio_play': AMENT_PREFIX_PATH=/home/mariem/ros2_ws/install/audio_common_msgs:${AMENT_PREFIX_PATH} CMAKE_PREFIX_PATH=/home/mariem/ros2_ws/install/audio_common_msgs:/home/mariem/ros2_audio_ws/install/audio_common_msgs:/opt/ros/humble LD_LIBRARY_PATH=/home/mariem/ros2_ws/install/audio_common_msgs/lib:${LD_LIBRARY_PATH} PYTHONPATH=/home/mariem/ros2_ws/install/audio_common_msgs/local/lib/python3.10/dist-packages:${PYTHONPATH} /usr/bin/cmake --install /home/mariem/ros2_ws/build/audio_play
[0.632s] -- Install configuration: ""
[0.650s] -- Up-to-date: /home/mariem/ros2_ws/install/audio_play/lib/audio_play/audio_play_node
[0.654s] -- Up-to-date: /home/mariem/ros2_ws/install/audio_play/bin/audio_play_node
[0.667s] -- Up-to-date: /home/mariem/ros2_ws/install/audio_play/lib/libaudio_play.so
[0.669s] -- Up-to-date: /home/mariem/ros2_ws/install/audio_play/share/audio_play/launch
[0.672s] -- Up-to-date: /home/mariem/ros2_ws/install/audio_play/share/audio_play/launch/play.launch.py
[0.672s] -- Up-to-date: /home/mariem/ros2_ws/install/audio_play/share/audio_play/launch/play.launch.xml
[0.678s] -- Up-to-date: /home/mariem/ros2_ws/install/audio_play/share/audio_play/environment/library_path.sh
[0.678s] -- Up-to-date: /home/mariem/ros2_ws/install/audio_play/share/audio_play/environment/library_path.dsv
[0.678s] -- Up-to-date: /home/mariem/ros2_ws/install/audio_play/share/ament_index/resource_index/package_run_dependencies/audio_play
[0.678s] -- Up-to-date: /home/mariem/ros2_ws/install/audio_play/share/ament_index/resource_index/parent_prefix_path/audio_play
[0.679s] -- Up-to-date: /home/mariem/ros2_ws/install/audio_play/share/audio_play/environment/ament_prefix_path.sh
[0.680s] -- Up-to-date: /home/mariem/ros2_ws/install/audio_play/share/audio_play/environment/ament_prefix_path.dsv
[0.686s] -- Up-to-date: /home/mariem/ros2_ws/install/audio_play/share/audio_play/environment/path.sh
[0.691s] -- Up-to-date: /home/mariem/ros2_ws/install/audio_play/share/audio_play/environment/path.dsv
[0.691s] -- Up-to-date: /home/mariem/ros2_ws/install/audio_play/share/audio_play/local_setup.bash
[0.691s] -- Up-to-date: /home/mariem/ros2_ws/install/audio_play/share/audio_play/local_setup.sh
[0.691s] -- Up-to-date: /home/mariem/ros2_ws/install/audio_play/share/audio_play/local_setup.zsh
[0.691s] -- Up-to-date: /home/mariem/ros2_ws/install/audio_play/share/audio_play/local_setup.dsv
[0.691s] -- Installing: /home/mariem/ros2_ws/install/audio_play/share/audio_play/package.dsv
[0.692s] -- Up-to-date: /home/mariem/ros2_ws/install/audio_play/share/ament_index/resource_index/packages/audio_play
[0.697s] -- Up-to-date: /home/mariem/ros2_ws/install/audio_play/share/ament_index/resource_index/rclcpp_components/audio_play
[0.698s] -- Up-to-date: /home/mariem/ros2_ws/install/audio_play/share/audio_play/cmake/ament_cmake_export_libraries-extras.cmake
[0.700s] -- Up-to-date: /home/mariem/ros2_ws/install/audio_play/share/audio_play/cmake/audio_playConfig.cmake
[0.720s] -- Up-to-date: /home/mariem/ros2_ws/install/audio_play/share/audio_play/cmake/audio_playConfig-version.cmake
[0.720s] -- Up-to-date: /home/mariem/ros2_ws/install/audio_play/share/audio_play/package.xml
[0.720s] Invoked command in '/home/mariem/ros2_ws/build/audio_play' returned '0': AMENT_PREFIX_PATH=/home/mariem/ros2_ws/install/audio_common_msgs:${AMENT_PREFIX_PATH} CMAKE_PREFIX_PATH=/home/mariem/ros2_ws/install/audio_common_msgs:/home/mariem/ros2_audio_ws/install/audio_common_msgs:/opt/ros/humble LD_LIBRARY_PATH=/home/mariem/ros2_ws/install/audio_common_msgs/lib:${LD_LIBRARY_PATH} PYTHONPATH=/home/mariem/ros2_ws/install/audio_common_msgs/local/lib/python3.10/dist-packages:${PYTHONPATH} /usr/bin/cmake --install /home/mariem/ros2_ws/build/audio_play
