[0.498s] Invoking command in '/home/mariem/ros2_ws/src/audio_streamer': CMAKE_PREFIX_PATH=/home/mariem/ros2_ws/install/audio_common_msgs:/home/mariem/ros2_ws/install/audio_play:/home/mariem/ros2_ws/install/audio_capture:/home/mariem/ros2_audio_ws/install/audio_common_msgs LD_LIBRARY_PATH=/home/mariem/ros2_ws/install/audio_common_msgs/lib:/home/mariem/ros2_ws/install/audio_play/lib:/home/mariem/ros2_ws/install/audio_capture/lib:/home/mariem/ros2_audio_ws/install/audio_common_msgs/lib:/opt/ros/humble/opt/rviz_ogre_vendor/lib:/opt/ros/humble/lib/x86_64-linux-gnu:/opt/ros/humble/lib PYTHONPATH=/home/mariem/ros2_ws/build/audio_streamer/prefix_override:/usr/lib/python3/dist-packages/colcon_core/task/python/colcon_distutils_commands:/home/mariem/ros2_ws/install/audio_streamer/lib/python3.10/site-packages:${PYTHONPATH} /usr/bin/python3 -W ignore:setup.py install is deprecated -W ignore:easy_install command is deprecated setup.py egg_info --egg-base ../../build/audio_streamer build --build-base /home/mariem/ros2_ws/build/audio_streamer/build install --record /home/mariem/ros2_ws/build/audio_streamer/install.log --single-version-externally-managed install_data
[0.684s] running egg_info
[0.684s] writing ../../build/audio_streamer/audio_streamer.egg-info/PKG-INFO
[0.685s] writing dependency_links to ../../build/audio_streamer/audio_streamer.egg-info/dependency_links.txt
[0.686s] writing entry points to ../../build/audio_streamer/audio_streamer.egg-info/entry_points.txt
[0.687s] writing requirements to ../../build/audio_streamer/audio_streamer.egg-info/requires.txt
[0.687s] writing top-level names to ../../build/audio_streamer/audio_streamer.egg-info/top_level.txt
[0.689s] reading manifest file '../../build/audio_streamer/audio_streamer.egg-info/SOURCES.txt'
[0.689s] writing manifest file '../../build/audio_streamer/audio_streamer.egg-info/SOURCES.txt'
[0.690s] running build
[0.690s] running build_py
[0.690s] running install
[0.691s] running install_lib
[0.692s] running install_data
[0.692s] copying config/params.yaml -> /home/mariem/ros2_ws/install/audio_streamer/share/audio_streamer/config
[0.695s] running install_egg_info
[0.695s] removing '/home/mariem/ros2_ws/install/audio_streamer/lib/python3.10/site-packages/audio_streamer-0.0.0-py3.10.egg-info' (and everything under it)
[0.696s] Copying ../../build/audio_streamer/audio_streamer.egg-info to /home/mariem/ros2_ws/install/audio_streamer/lib/python3.10/site-packages/audio_streamer-0.0.0-py3.10.egg-info
[0.696s] running install_scripts
[0.711s] Installing audio_pub script to /home/mariem/ros2_ws/install/audio_streamer/lib/audio_streamer
[0.712s] Installing audio_sub script to /home/mariem/ros2_ws/install/audio_streamer/lib/audio_streamer
[0.712s] writing list of installed files to '/home/mariem/ros2_ws/build/audio_streamer/install.log'
[0.730s] Invoked command in '/home/mariem/ros2_ws/src/audio_streamer' returned '0': CMAKE_PREFIX_PATH=/home/mariem/ros2_ws/install/audio_common_msgs:/home/mariem/ros2_ws/install/audio_play:/home/mariem/ros2_ws/install/audio_capture:/home/mariem/ros2_audio_ws/install/audio_common_msgs LD_LIBRARY_PATH=/home/mariem/ros2_ws/install/audio_common_msgs/lib:/home/mariem/ros2_ws/install/audio_play/lib:/home/mariem/ros2_ws/install/audio_capture/lib:/home/mariem/ros2_audio_ws/install/audio_common_msgs/lib:/opt/ros/humble/opt/rviz_ogre_vendor/lib:/opt/ros/humble/lib/x86_64-linux-gnu:/opt/ros/humble/lib PYTHONPATH=/home/mariem/ros2_ws/build/audio_streamer/prefix_override:/usr/lib/python3/dist-packages/colcon_core/task/python/colcon_distutils_commands:/home/mariem/ros2_ws/install/audio_streamer/lib/python3.10/site-packages:${PYTHONPATH} /usr/bin/python3 -W ignore:setup.py install is deprecated -W ignore:easy_install command is deprecated setup.py egg_info --egg-base ../../build/audio_streamer build --build-base /home/mariem/ros2_ws/build/audio_streamer/build install --record /home/mariem/ros2_ws/build/audio_streamer/install.log --single-version-externally-managed install_data
