[0.025s] Invoking command in '/home/mariem/ros2_ws/build/sound_play': AMENT_PREFIX_PATH=/home/mariem/ros2_ws/install/audio_common_msgs:${AMENT_PREFIX_PATH} CMAKE_PREFIX_PATH=/home/mariem/ros2_ws/install/audio_common_msgs:/home/mariem/ros2_audio_ws/install/audio_common_msgs:/opt/ros/humble LD_LIBRARY_PATH=/home/mariem/ros2_ws/install/audio_common_msgs/lib:${LD_LIBRARY_PATH} PYTHONPATH=/home/mariem/ros2_ws/install/audio_common_msgs/local/lib/python3.10/dist-packages:${PYTHONPATH} /usr/bin/cmake /home/mariem/ros2_ws/src/audio_common/sound_play -DCMAKE_INSTALL_PREFIX=/home/mariem/ros2_ws/install/sound_play
[0.730s] -- The C compiler identification is GNU 11.4.0
[1.372s] -- The CXX compiler identification is GNU 11.4.0
[1.445s] -- Detecting C compiler ABI info
[1.809s] -- Detecting C compiler ABI info - done
[1.809s] -- Check for working C compiler: /usr/bin/cc - skipped
[1.818s] -- Detecting C compile features
[1.818s] -- Detecting C compile features - done
[1.843s] -- Detecting CXX compiler ABI info
[2.173s] -- Detecting CXX compiler ABI info - done
[2.214s] -- Check for working CXX compiler: /usr/bin/c++ - skipped
[2.214s] -- Detecting CXX compile features
[2.214s] -- Detecting CXX compile features - done
[2.238s] -- Found ament_cmake: 1.3.12 (/opt/ros/humble/share/ament_cmake/cmake)
[3.571s] -- Found Python3: /usr/bin/python3 (found version "3.10.12") found components: Interpreter 
[4.036s] -- Found rosidl_default_generators: 1.2.0 (/opt/ros/humble/share/rosidl_default_generators/cmake)
[4.053s] -- Using all available rosidl_typesupport_c: rosidl_typesupport_fastrtps_c;rosidl_typesupport_introspection_c
[4.075s] -- Found rosidl_adapter: 3.1.7 (/opt/ros/humble/share/rosidl_adapter/cmake)
[4.296s] -- Using all available rosidl_typesupport_cpp: rosidl_typesupport_fastrtps_cpp;rosidl_typesupport_introspection_cpp
[4.441s] -- Found audio_common_msgs: 0.3.12 (/home/mariem/ros2_ws/install/audio_common_msgs/share/audio_common_msgs/cmake)
[4.683s] -- Found action_msgs: 1.2.2 (/opt/ros/humble/share/action_msgs/cmake)
[5.851s] -- Found ament_cmake_ros: 0.10.0 (/opt/ros/humble/share/ament_cmake_ros/cmake)
[6.554s] -- Using all available rosidl_typesupport_c: rosidl_typesupport_fastrtps_c;rosidl_typesupport_introspection_c
[7.448s] -- Using all available rosidl_typesupport_cpp: rosidl_typesupport_fastrtps_cpp;rosidl_typesupport_introspection_cpp
[7.533s] -- Found PythonInterp: /usr/bin/python3 (found suitable version "3.10.12", minimum required is "3.6") 
[7.550s] -- Found python_cmake_module: 0.10.0 (/opt/ros/humble/share/python_cmake_module/cmake)
[7.630s] -- Found PythonLibs: /usr/lib/x86_64-linux-gnu/libpython3.10.so (found suitable version "3.10.12", minimum required is "3.5") 
[7.631s] -- Using PYTHON_EXECUTABLE: /usr/bin/python3
[7.635s] -- Using PYTHON_INCLUDE_DIRS: /usr/include/python3.10
[7.635s] -- Using PYTHON_LIBRARIES: /usr/lib/x86_64-linux-gnu/libpython3.10.so
[7.735s] -- Found PythonExtra: .so  
[7.856s] [31mCMake Error at /opt/ros/humble/share/ament_cmake_python/cmake/ament_python_install_package.cmake:122 (add_custom_target):
[7.859s]   add_custom_target cannot create target "ament_cmake_python_copy_sound_play"
[7.859s]   because another target with the same name already exists.  The existing
[7.859s]   target is a custom target created in source directory
[7.859s]   "/home/mariem/ros2_ws/src/audio_common/sound_play".  See documentation for
[7.859s]   policy CMP0002 for more details.
[7.859s] Call Stack (most recent call first):
[7.859s]   /opt/ros/humble/share/ament_cmake_python/cmake/ament_python_install_package.cmake:39 (_ament_cmake_python_install_package)
[7.859s]   CMakeLists.txt:36 (ament_python_install_package)
[7.859s] 
[7.859s] [0m
[7.859s] [31mCMake Error at /opt/ros/humble/share/ament_cmake_python/cmake/ament_python_install_package.cmake:141 (add_custom_target):
[7.859s]   add_custom_target cannot create target
[7.859s]   "ament_cmake_python_build_sound_play_egg" because another target with the
[7.859s]   same name already exists.  The existing target is a custom target created
[7.859s]   in source directory "/home/mariem/ros2_ws/src/audio_common/sound_play".
[7.859s]   See documentation for policy CMP0002 for more details.
[7.859s] Call Stack (most recent call first):
[7.860s]   /opt/ros/humble/share/ament_cmake_python/cmake/ament_python_install_package.cmake:39 (_ament_cmake_python_install_package)
[7.860s]   CMakeLists.txt:36 (ament_python_install_package)
[7.860s] 
[7.860s] [0m
[7.985s] -- Configuring incomplete, errors occurred!
[7.997s] See also "/home/mariem/ros2_ws/build/sound_play/CMakeFiles/CMakeOutput.log".
[7.997s] Invoked command in '/home/mariem/ros2_ws/build/sound_play' returned '1': AMENT_PREFIX_PATH=/home/mariem/ros2_ws/install/audio_common_msgs:${AMENT_PREFIX_PATH} CMAKE_PREFIX_PATH=/home/mariem/ros2_ws/install/audio_common_msgs:/home/mariem/ros2_audio_ws/install/audio_common_msgs:/opt/ros/humble LD_LIBRARY_PATH=/home/mariem/ros2_ws/install/audio_common_msgs/lib:${LD_LIBRARY_PATH} PYTHONPATH=/home/mariem/ros2_ws/install/audio_common_msgs/local/lib/python3.10/dist-packages:${PYTHONPATH} /usr/bin/cmake /home/mariem/ros2_ws/src/audio_common/sound_play -DCMAKE_INSTALL_PREFIX=/home/mariem/ros2_ws/install/sound_play
