[1.652s] Invoking command in '/home/mariem/ros2_ws/src/audio_streamer': AMENT_PREFIX_PATH=/home/mariem/ros2_ws/install/audio_common_msgs:${AMENT_PREFIX_PATH} CMAKE_PREFIX_PATH=/home/mariem/ros2_ws/install/audio_common_msgs:${CMAKE_PREFIX_PATH} LD_LIBRARY_PATH=/home/mariem/ros2_ws/install/audio_common_msgs/lib:${LD_LIBRARY_PATH} PYTHONPATH=/home/mariem/ros2_ws/build/audio_streamer/prefix_override:/usr/lib/python3/dist-packages/colcon_core/task/python/colcon_distutils_commands:/home/mariem/ros2_ws/install/audio_streamer/lib/python3.10/site-packages:/home/mariem/ros2_ws/install/audio_common_msgs/local/lib/python3.10/dist-packages:${PYTHONPATH} /usr/bin/python3 -W ignore:setup.py install is deprecated -W ignore:easy_install command is deprecated setup.py egg_info --egg-base ../../build/audio_streamer build --build-base /home/mariem/ros2_ws/build/audio_streamer/build install --record /home/mariem/ros2_ws/build/audio_streamer/install.log --single-version-externally-managed install_data
[2.048s] running egg_info
[2.048s] writing ../../build/audio_streamer/audio_streamer.egg-info/PKG-INFO
[2.051s] writing dependency_links to ../../build/audio_streamer/audio_streamer.egg-info/dependency_links.txt
[2.051s] writing entry points to ../../build/audio_streamer/audio_streamer.egg-info/entry_points.txt
[2.052s] writing requirements to ../../build/audio_streamer/audio_streamer.egg-info/requires.txt
[2.053s] writing top-level names to ../../build/audio_streamer/audio_streamer.egg-info/top_level.txt
[2.063s] reading manifest file '../../build/audio_streamer/audio_streamer.egg-info/SOURCES.txt'
[2.065s] writing manifest file '../../build/audio_streamer/audio_streamer.egg-info/SOURCES.txt'
[2.065s] running build
[2.066s] running build_py
[2.068s] running install
[2.068s] running install_lib
[2.071s] running install_data
[2.076s] copying config/params.yaml -> /home/mariem/ros2_ws/install/audio_streamer/share/audio_streamer/config
[2.087s] running install_egg_info
[2.087s] removing '/home/mariem/ros2_ws/install/audio_streamer/lib/python3.10/site-packages/audio_streamer-0.0.0-py3.10.egg-info' (and everything under it)
[2.087s] Copying ../../build/audio_streamer/audio_streamer.egg-info to /home/mariem/ros2_ws/install/audio_streamer/lib/python3.10/site-packages/audio_streamer-0.0.0-py3.10.egg-info
[2.114s] running install_scripts
[2.116s] Installing audio_pub script to /home/mariem/ros2_ws/install/audio_streamer/lib/audio_streamer
[2.118s] Installing audio_sub script to /home/mariem/ros2_ws/install/audio_streamer/lib/audio_streamer
[2.130s] writing list of installed files to '/home/mariem/ros2_ws/build/audio_streamer/install.log'
[2.177s] Invoked command in '/home/mariem/ros2_ws/src/audio_streamer' returned '0': AMENT_PREFIX_PATH=/home/mariem/ros2_ws/install/audio_common_msgs:${AMENT_PREFIX_PATH} CMAKE_PREFIX_PATH=/home/mariem/ros2_ws/install/audio_common_msgs:${CMAKE_PREFIX_PATH} LD_LIBRARY_PATH=/home/mariem/ros2_ws/install/audio_common_msgs/lib:${LD_LIBRARY_PATH} PYTHONPATH=/home/mariem/ros2_ws/build/audio_streamer/prefix_override:/usr/lib/python3/dist-packages/colcon_core/task/python/colcon_distutils_commands:/home/mariem/ros2_ws/install/audio_streamer/lib/python3.10/site-packages:/home/mariem/ros2_ws/install/audio_common_msgs/local/lib/python3.10/dist-packages:${PYTHONPATH} /usr/bin/python3 -W ignore:setup.py install is deprecated -W ignore:easy_install command is deprecated setup.py egg_info --egg-base ../../build/audio_streamer build --build-base /home/mariem/ros2_ws/build/audio_streamer/build install --record /home/mariem/ros2_ws/build/audio_streamer/install.log --single-version-externally-managed install_data
