[0.039s] Invoking command in '/home/mariem/ros2_ws/build/audio_common_msgs': CMAKE_PREFIX_PATH=${CMAKE_PREFIX_PATH}:/opt/ros/humble /usr/bin/cmake --build /home/mariem/ros2_ws/build/audio_common_msgs -- -j1 -l1
[0.360s] [ 10%] Built target audio_common_msgs__rosidl_generator_c
[0.452s] [ 21%] Built target audio_common_msgs__rosidl_typesupport_introspection_c
[0.597s] [ 31%] Built target audio_common_msgs__rosidl_typesupport_c
[0.638s] [ 34%] Built target audio_common_msgs__cpp
[0.702s] [ 44%] Built target audio_common_msgs__rosidl_typesupport_fastrtps_cpp
[0.751s] [ 55%] Built target audio_common_msgs__rosidl_typesupport_introspection_cpp
[0.791s] [ 65%] Built target audio_common_msgs__rosidl_typesupport_cpp
[0.830s] [ 76%] Built target audio_common_msgs__rosidl_typesupport_fastrtps_c
[0.872s] [ 76%] Built target audio_common_msgs
[0.922s] [ 76%] Built target ament_cmake_python_copy_audio_common_msgs
[1.134s] running egg_info
[1.134s] writing audio_common_msgs.egg-info/PKG-INFO
[1.135s] writing dependency_links to audio_common_msgs.egg-info/dependency_links.txt
[1.136s] writing top-level names to audio_common_msgs.egg-info/top_level.txt
[1.153s] reading manifest file 'audio_common_msgs.egg-info/SOURCES.txt'
[1.155s] writing manifest file 'audio_common_msgs.egg-info/SOURCES.txt'
[1.202s] [ 76%] Built target ament_cmake_python_build_audio_common_msgs_egg
[1.312s] [ 78%] Built target audio_common_msgs__py
[1.431s] [ 87%] Built target audio_common_msgs__rosidl_generator_py
[1.535s] [ 91%] Built target audio_common_msgs__rosidl_typesupport_fastrtps_c__pyext
[1.658s] [ 95%] Built target audio_common_msgs__rosidl_typesupport_introspection_c__pyext
[1.761s] [100%] Built target audio_common_msgs__rosidl_typesupport_c__pyext
[1.803s] Invoked command in '/home/mariem/ros2_ws/build/audio_common_msgs' returned '0': CMAKE_PREFIX_PATH=${CMAKE_PREFIX_PATH}:/opt/ros/humble /usr/bin/cmake --build /home/mariem/ros2_ws/build/audio_common_msgs -- -j1 -l1
[1.839s] Invoking command in '/home/mariem/ros2_ws/build/audio_common_msgs': CMAKE_PREFIX_PATH=${CMAKE_PREFIX_PATH}:/opt/ros/humble /usr/bin/cmake --install /home/mariem/ros2_ws/build/audio_common_msgs
[1.890s] -- Install configuration: ""
[1.896s] -- Up-to-date: /home/mariem/ros2_ws/install/audio_common_msgs/share/ament_index/resource_index/rosidl_interfaces/audio_common_msgs
[1.902s] -- Up-to-date: /home/mariem/ros2_ws/install/audio_common_msgs/include/audio_common_msgs/audio_common_msgs
[1.903s] -- Up-to-date: /home/mariem/ros2_ws/install/audio_common_msgs/include/audio_common_msgs/audio_common_msgs/msg
[1.905s] -- Up-to-date: /home/mariem/ros2_ws/install/audio_common_msgs/include/audio_common_msgs/audio_common_msgs/msg/detail
[1.906s] -- Up-to-date: /home/mariem/ros2_ws/install/audio_common_msgs/include/audio_common_msgs/audio_common_msgs/msg/detail/audio_data__type_support.h
[1.906s] -- Up-to-date: /home/mariem/ros2_ws/install/audio_common_msgs/include/audio_common_msgs/audio_common_msgs/msg/detail/audio_data__struct.h
[1.906s] -- Up-to-date: /home/mariem/ros2_ws/install/audio_common_msgs/include/audio_common_msgs/audio_common_msgs/msg/detail/audio_data_stamped__struct.h
[1.906s] -- Up-to-date: /home/mariem/ros2_ws/install/audio_common_msgs/include/audio_common_msgs/audio_common_msgs/msg/detail/audio_info__functions.c
[1.906s] -- Up-to-date: /home/mariem/ros2_ws/install/audio_common_msgs/include/audio_common_msgs/audio_common_msgs/msg/detail/audio_info__struct.h
[1.906s] -- Up-to-date: /home/mariem/ros2_ws/install/audio_common_msgs/include/audio_common_msgs/audio_common_msgs/msg/detail/audio_info__type_support.h
[1.906s] -- Up-to-date: /home/mariem/ros2_ws/install/audio_common_msgs/include/audio_common_msgs/audio_common_msgs/msg/detail/audio_info__functions.h
[1.906s] -- Up-to-date: /home/mariem/ros2_ws/install/audio_common_msgs/include/audio_common_msgs/audio_common_msgs/msg/detail/audio_data__functions.h
[1.906s] -- Up-to-date: /home/mariem/ros2_ws/install/audio_common_msgs/include/audio_common_msgs/audio_common_msgs/msg/detail/audio_data__functions.c
[1.906s] -- Up-to-date: /home/mariem/ros2_ws/install/audio_common_msgs/include/audio_common_msgs/audio_common_msgs/msg/detail/audio_data_stamped__functions.h
[1.906s] -- Up-to-date: /home/mariem/ros2_ws/install/audio_common_msgs/include/audio_common_msgs/audio_common_msgs/msg/detail/audio_data_stamped__type_support.h
[1.906s] -- Up-to-date: /home/mariem/ros2_ws/install/audio_common_msgs/include/audio_common_msgs/audio_common_msgs/msg/detail/audio_data_stamped__functions.c
[1.906s] -- Up-to-date: /home/mariem/ros2_ws/install/audio_common_msgs/include/audio_common_msgs/audio_common_msgs/msg/rosidl_generator_c__visibility_control.h
[1.906s] -- Up-to-date: /home/mariem/ros2_ws/install/audio_common_msgs/include/audio_common_msgs/audio_common_msgs/msg/audio_data_stamped.h
[1.906s] -- Up-to-date: /home/mariem/ros2_ws/install/audio_common_msgs/include/audio_common_msgs/audio_common_msgs/msg/audio_info.h
[1.906s] -- Up-to-date: /home/mariem/ros2_ws/install/audio_common_msgs/include/audio_common_msgs/audio_common_msgs/msg/audio_data.h
[1.908s] -- Up-to-date: /home/mariem/ros2_ws/install/audio_common_msgs/share/audio_common_msgs/environment/library_path.sh
[1.908s] -- Up-to-date: /home/mariem/ros2_ws/install/audio_common_msgs/share/audio_common_msgs/environment/library_path.dsv
[1.913s] -- Up-to-date: /home/mariem/ros2_ws/install/audio_common_msgs/lib/libaudio_common_msgs__rosidl_generator_c.so
[1.914s] -- Up-to-date: /home/mariem/ros2_ws/install/audio_common_msgs/include/audio_common_msgs/audio_common_msgs
[1.914s] -- Up-to-date: /home/mariem/ros2_ws/install/audio_common_msgs/include/audio_common_msgs/audio_common_msgs/msg
[1.915s] -- Up-to-date: /home/mariem/ros2_ws/install/audio_common_msgs/include/audio_common_msgs/audio_common_msgs/msg/detail
[1.915s] -- Up-to-date: /home/mariem/ros2_ws/install/audio_common_msgs/include/audio_common_msgs/audio_common_msgs/msg/detail/audio_data_stamped__rosidl_typesupport_fastrtps_c.h
[1.915s] -- Up-to-date: /home/mariem/ros2_ws/install/audio_common_msgs/include/audio_common_msgs/audio_common_msgs/msg/detail/audio_data__rosidl_typesupport_fastrtps_c.h
[1.915s] -- Up-to-date: /home/mariem/ros2_ws/install/audio_common_msgs/include/audio_common_msgs/audio_common_msgs/msg/detail/audio_info__rosidl_typesupport_fastrtps_c.h
[1.915s] -- Up-to-date: /home/mariem/ros2_ws/install/audio_common_msgs/include/audio_common_msgs/audio_common_msgs/msg/rosidl_typesupport_fastrtps_c__visibility_control.h
[1.917s] -- Up-to-date: /home/mariem/ros2_ws/install/audio_common_msgs/lib/libaudio_common_msgs__rosidl_typesupport_fastrtps_c.so
[1.918s] -- Up-to-date: /home/mariem/ros2_ws/install/audio_common_msgs/include/audio_common_msgs/audio_common_msgs
[1.918s] -- Up-to-date: /home/mariem/ros2_ws/install/audio_common_msgs/include/audio_common_msgs/audio_common_msgs/msg
[1.919s] -- Up-to-date: /home/mariem/ros2_ws/install/audio_common_msgs/include/audio_common_msgs/audio_common_msgs/msg/detail
[1.919s] -- Up-to-date: /home/mariem/ros2_ws/install/audio_common_msgs/include/audio_common_msgs/audio_common_msgs/msg/detail/audio_info__type_support.c
[1.919s] -- Up-to-date: /home/mariem/ros2_ws/install/audio_common_msgs/include/audio_common_msgs/audio_common_msgs/msg/detail/audio_data__rosidl_typesupport_introspection_c.h
[1.919s] -- Up-to-date: /home/mariem/ros2_ws/install/audio_common_msgs/include/audio_common_msgs/audio_common_msgs/msg/detail/audio_data__type_support.c
[1.920s] -- Up-to-date: /home/mariem/ros2_ws/install/audio_common_msgs/include/audio_common_msgs/audio_common_msgs/msg/detail/audio_info__rosidl_typesupport_introspection_c.h
[1.920s] -- Up-to-date: /home/mariem/ros2_ws/install/audio_common_msgs/include/audio_common_msgs/audio_common_msgs/msg/detail/audio_data_stamped__rosidl_typesupport_introspection_c.h
[1.920s] -- Up-to-date: /home/mariem/ros2_ws/install/audio_common_msgs/include/audio_common_msgs/audio_common_msgs/msg/detail/audio_data_stamped__type_support.c
[1.920s] -- Up-to-date: /home/mariem/ros2_ws/install/audio_common_msgs/include/audio_common_msgs/audio_common_msgs/msg/rosidl_typesupport_introspection_c__visibility_control.h
[1.930s] -- Up-to-date: /home/mariem/ros2_ws/install/audio_common_msgs/lib/libaudio_common_msgs__rosidl_typesupport_introspection_c.so
[1.934s] -- Up-to-date: /home/mariem/ros2_ws/install/audio_common_msgs/lib/libaudio_common_msgs__rosidl_typesupport_c.so
[1.934s] -- Up-to-date: /home/mariem/ros2_ws/install/audio_common_msgs/include/audio_common_msgs/audio_common_msgs
[1.934s] -- Up-to-date: /home/mariem/ros2_ws/install/audio_common_msgs/include/audio_common_msgs/audio_common_msgs/msg
[1.934s] -- Up-to-date: /home/mariem/ros2_ws/install/audio_common_msgs/include/audio_common_msgs/audio_common_msgs/msg/detail
[1.934s] -- Up-to-date: /home/mariem/ros2_ws/install/audio_common_msgs/include/audio_common_msgs/audio_common_msgs/msg/detail/audio_info__builder.hpp
[1.934s] -- Up-to-date: /home/mariem/ros2_ws/install/audio_common_msgs/include/audio_common_msgs/audio_common_msgs/msg/detail/audio_data__struct.hpp
[1.934s] -- Up-to-date: /home/mariem/ros2_ws/install/audio_common_msgs/include/audio_common_msgs/audio_common_msgs/msg/detail/audio_data__type_support.hpp
[1.934s] -- Up-to-date: /home/mariem/ros2_ws/install/audio_common_msgs/include/audio_common_msgs/audio_common_msgs/msg/detail/audio_data_stamped__traits.hpp
[1.934s] -- Up-to-date: /home/mariem/ros2_ws/install/audio_common_msgs/include/audio_common_msgs/audio_common_msgs/msg/detail/audio_info__type_support.hpp
[1.934s] -- Up-to-date: /home/mariem/ros2_ws/install/audio_common_msgs/include/audio_common_msgs/audio_common_msgs/msg/detail/audio_data_stamped__builder.hpp
[1.934s] -- Up-to-date: /home/mariem/ros2_ws/install/audio_common_msgs/include/audio_common_msgs/audio_common_msgs/msg/detail/audio_data__builder.hpp
[1.934s] -- Up-to-date: /home/mariem/ros2_ws/install/audio_common_msgs/include/audio_common_msgs/audio_common_msgs/msg/detail/audio_info__traits.hpp
[1.934s] -- Up-to-date: /home/mariem/ros2_ws/install/audio_common_msgs/include/audio_common_msgs/audio_common_msgs/msg/detail/audio_info__struct.hpp
[1.934s] -- Up-to-date: /home/mariem/ros2_ws/install/audio_common_msgs/include/audio_common_msgs/audio_common_msgs/msg/detail/audio_data_stamped__type_support.hpp
[1.934s] -- Up-to-date: /home/mariem/ros2_ws/install/audio_common_msgs/include/audio_common_msgs/audio_common_msgs/msg/detail/audio_data__traits.hpp
[1.934s] -- Up-to-date: /home/mariem/ros2_ws/install/audio_common_msgs/include/audio_common_msgs/audio_common_msgs/msg/detail/audio_data_stamped__struct.hpp
[1.934s] -- Up-to-date: /home/mariem/ros2_ws/install/audio_common_msgs/include/audio_common_msgs/audio_common_msgs/msg/audio_info.hpp
[1.934s] -- Up-to-date: /home/mariem/ros2_ws/install/audio_common_msgs/include/audio_common_msgs/audio_common_msgs/msg/audio_data.hpp
[1.934s] -- Up-to-date: /home/mariem/ros2_ws/install/audio_common_msgs/include/audio_common_msgs/audio_common_msgs/msg/audio_data_stamped.hpp
[1.934s] -- Up-to-date: /home/mariem/ros2_ws/install/audio_common_msgs/include/audio_common_msgs/audio_common_msgs/msg/rosidl_generator_cpp__visibility_control.hpp
[1.934s] -- Up-to-date: /home/mariem/ros2_ws/install/audio_common_msgs/include/audio_common_msgs/audio_common_msgs
[1.934s] -- Up-to-date: /home/mariem/ros2_ws/install/audio_common_msgs/include/audio_common_msgs/audio_common_msgs/msg
[1.934s] -- Up-to-date: /home/mariem/ros2_ws/install/audio_common_msgs/include/audio_common_msgs/audio_common_msgs/msg/detail
[1.934s] -- Up-to-date: /home/mariem/ros2_ws/install/audio_common_msgs/include/audio_common_msgs/audio_common_msgs/msg/detail/audio_data__rosidl_typesupport_fastrtps_cpp.hpp
[1.934s] -- Up-to-date: /home/mariem/ros2_ws/install/audio_common_msgs/include/audio_common_msgs/audio_common_msgs/msg/detail/audio_info__rosidl_typesupport_fastrtps_cpp.hpp
[1.935s] -- Up-to-date: /home/mariem/ros2_ws/install/audio_common_msgs/include/audio_common_msgs/audio_common_msgs/msg/detail/audio_data_stamped__rosidl_typesupport_fastrtps_cpp.hpp
[1.935s] -- Up-to-date: /home/mariem/ros2_ws/install/audio_common_msgs/include/audio_common_msgs/audio_common_msgs/msg/detail/dds_fastrtps
[1.935s] -- Up-to-date: /home/mariem/ros2_ws/install/audio_common_msgs/include/audio_common_msgs/audio_common_msgs/msg/rosidl_typesupport_fastrtps_cpp__visibility_control.h
[1.942s] -- Up-to-date: /home/mariem/ros2_ws/install/audio_common_msgs/lib/libaudio_common_msgs__rosidl_typesupport_fastrtps_cpp.so
[1.942s] -- Up-to-date: /home/mariem/ros2_ws/install/audio_common_msgs/include/audio_common_msgs/audio_common_msgs
[1.942s] -- Up-to-date: /home/mariem/ros2_ws/install/audio_common_msgs/include/audio_common_msgs/audio_common_msgs/msg
[1.942s] -- Up-to-date: /home/mariem/ros2_ws/install/audio_common_msgs/include/audio_common_msgs/audio_common_msgs/msg/detail
[1.943s] -- Up-to-date: /home/mariem/ros2_ws/install/audio_common_msgs/include/audio_common_msgs/audio_common_msgs/msg/detail/audio_info__type_support.cpp
[1.943s] -- Up-to-date: /home/mariem/ros2_ws/install/audio_common_msgs/include/audio_common_msgs/audio_common_msgs/msg/detail/audio_data__type_support.cpp
[1.943s] -- Up-to-date: /home/mariem/ros2_ws/install/audio_common_msgs/include/audio_common_msgs/audio_common_msgs/msg/detail/audio_info__rosidl_typesupport_introspection_cpp.hpp
[1.943s] -- Up-to-date: /home/mariem/ros2_ws/install/audio_common_msgs/include/audio_common_msgs/audio_common_msgs/msg/detail/audio_data_stamped__rosidl_typesupport_introspection_cpp.hpp
[1.943s] -- Up-to-date: /home/mariem/ros2_ws/install/audio_common_msgs/include/audio_common_msgs/audio_common_msgs/msg/detail/audio_data_stamped__type_support.cpp
[1.943s] -- Up-to-date: /home/mariem/ros2_ws/install/audio_common_msgs/include/audio_common_msgs/audio_common_msgs/msg/detail/audio_data__rosidl_typesupport_introspection_cpp.hpp
[1.945s] -- Up-to-date: /home/mariem/ros2_ws/install/audio_common_msgs/lib/libaudio_common_msgs__rosidl_typesupport_introspection_cpp.so
[1.948s] -- Up-to-date: /home/mariem/ros2_ws/install/audio_common_msgs/lib/libaudio_common_msgs__rosidl_typesupport_cpp.so
[1.948s] -- Up-to-date: /home/mariem/ros2_ws/install/audio_common_msgs/share/audio_common_msgs/environment/pythonpath.sh
[1.948s] -- Up-to-date: /home/mariem/ros2_ws/install/audio_common_msgs/share/audio_common_msgs/environment/pythonpath.dsv
[1.951s] -- Up-to-date: /home/mariem/ros2_ws/install/audio_common_msgs/local/lib/python3.10/dist-packages/audio_common_msgs-0.3.12-py3.10.egg-info
[1.952s] -- Installing: /home/mariem/ros2_ws/install/audio_common_msgs/local/lib/python3.10/dist-packages/audio_common_msgs-0.3.12-py3.10.egg-info/PKG-INFO
[1.952s] -- Installing: /home/mariem/ros2_ws/install/audio_common_msgs/local/lib/python3.10/dist-packages/audio_common_msgs-0.3.12-py3.10.egg-info/dependency_links.txt
[1.952s] -- Installing: /home/mariem/ros2_ws/install/audio_common_msgs/local/lib/python3.10/dist-packages/audio_common_msgs-0.3.12-py3.10.egg-info/top_level.txt
[1.952s] -- Installing: /home/mariem/ros2_ws/install/audio_common_msgs/local/lib/python3.10/dist-packages/audio_common_msgs-0.3.12-py3.10.egg-info/SOURCES.txt
[1.954s] -- Up-to-date: /home/mariem/ros2_ws/install/audio_common_msgs/local/lib/python3.10/dist-packages/audio_common_msgs
[1.955s] -- Up-to-date: /home/mariem/ros2_ws/install/audio_common_msgs/local/lib/python3.10/dist-packages/audio_common_msgs/__init__.py
[1.955s] -- Up-to-date: /home/mariem/ros2_ws/install/audio_common_msgs/local/lib/python3.10/dist-packages/audio_common_msgs/libaudio_common_msgs__rosidl_generator_py.so
[1.955s] -- Up-to-date: /home/mariem/ros2_ws/install/audio_common_msgs/local/lib/python3.10/dist-packages/audio_common_msgs/audio_common_msgs_s__rosidl_typesupport_fastrtps_c.cpython-310-x86_64-linux-gnu.so
[1.955s] -- Up-to-date: /home/mariem/ros2_ws/install/audio_common_msgs/local/lib/python3.10/dist-packages/audio_common_msgs/_audio_common_msgs_s.ep.rosidl_typesupport_introspection_c.c
[1.955s] -- Up-to-date: /home/mariem/ros2_ws/install/audio_common_msgs/local/lib/python3.10/dist-packages/audio_common_msgs/audio_common_msgs_s__rosidl_typesupport_c.cpython-310-x86_64-linux-gnu.so
[1.955s] -- Up-to-date: /home/mariem/ros2_ws/install/audio_common_msgs/local/lib/python3.10/dist-packages/audio_common_msgs/_audio_common_msgs_s.ep.rosidl_typesupport_c.c
[1.955s] -- Up-to-date: /home/mariem/ros2_ws/install/audio_common_msgs/local/lib/python3.10/dist-packages/audio_common_msgs/msg
[1.967s] -- Up-to-date: /home/mariem/ros2_ws/install/audio_common_msgs/local/lib/python3.10/dist-packages/audio_common_msgs/msg/__init__.py
[1.967s] -- Up-to-date: /home/mariem/ros2_ws/install/audio_common_msgs/local/lib/python3.10/dist-packages/audio_common_msgs/msg/_audio_data_stamped_s.c
[1.967s] -- Up-to-date: /home/mariem/ros2_ws/install/audio_common_msgs/local/lib/python3.10/dist-packages/audio_common_msgs/msg/_audio_info.py
[1.967s] -- Up-to-date: /home/mariem/ros2_ws/install/audio_common_msgs/local/lib/python3.10/dist-packages/audio_common_msgs/msg/_audio_info_s.c
[1.967s] -- Up-to-date: /home/mariem/ros2_ws/install/audio_common_msgs/local/lib/python3.10/dist-packages/audio_common_msgs/msg/_audio_data_s.c
[1.967s] -- Up-to-date: /home/mariem/ros2_ws/install/audio_common_msgs/local/lib/python3.10/dist-packages/audio_common_msgs/msg/_audio_data_stamped.py
[1.967s] -- Up-to-date: /home/mariem/ros2_ws/install/audio_common_msgs/local/lib/python3.10/dist-packages/audio_common_msgs/msg/_audio_data.py
[1.967s] -- Up-to-date: /home/mariem/ros2_ws/install/audio_common_msgs/local/lib/python3.10/dist-packages/audio_common_msgs/_audio_common_msgs_s.ep.rosidl_typesupport_fastrtps_c.c
[1.967s] -- Up-to-date: /home/mariem/ros2_ws/install/audio_common_msgs/local/lib/python3.10/dist-packages/audio_common_msgs/audio_common_msgs_s__rosidl_typesupport_introspection_c.cpython-310-x86_64-linux-gnu.so
[2.079s] Listing '/home/mariem/ros2_ws/install/audio_common_msgs/local/lib/python3.10/dist-packages/audio_common_msgs'...
[2.079s] Listing '/home/mariem/ros2_ws/install/audio_common_msgs/local/lib/python3.10/dist-packages/audio_common_msgs/msg'...
[2.085s] -- Up-to-date: /home/mariem/ros2_ws/install/audio_common_msgs/local/lib/python3.10/dist-packages/audio_common_msgs/audio_common_msgs_s__rosidl_typesupport_fastrtps_c.cpython-310-x86_64-linux-gnu.so
[2.087s] -- Up-to-date: /home/mariem/ros2_ws/install/audio_common_msgs/local/lib/python3.10/dist-packages/audio_common_msgs/audio_common_msgs_s__rosidl_typesupport_introspection_c.cpython-310-x86_64-linux-gnu.so
[2.088s] -- Up-to-date: /home/mariem/ros2_ws/install/audio_common_msgs/local/lib/python3.10/dist-packages/audio_common_msgs/audio_common_msgs_s__rosidl_typesupport_c.cpython-310-x86_64-linux-gnu.so
[2.093s] -- Up-to-date: /home/mariem/ros2_ws/install/audio_common_msgs/lib/libaudio_common_msgs__rosidl_generator_py.so
[2.093s] -- Up-to-date: /home/mariem/ros2_ws/install/audio_common_msgs/share/audio_common_msgs/msg/AudioData.idl
[2.094s] -- Up-to-date: /home/mariem/ros2_ws/install/audio_common_msgs/share/audio_common_msgs/msg/AudioDataStamped.idl
[2.094s] -- Up-to-date: /home/mariem/ros2_ws/install/audio_common_msgs/share/audio_common_msgs/msg/AudioInfo.idl
[2.095s] -- Up-to-date: /home/mariem/ros2_ws/install/audio_common_msgs/share/audio_common_msgs/msg/AudioData.msg
[2.095s] -- Up-to-date: /home/mariem/ros2_ws/install/audio_common_msgs/share/audio_common_msgs/msg/AudioDataStamped.msg
[2.096s] -- Up-to-date: /home/mariem/ros2_ws/install/audio_common_msgs/share/audio_common_msgs/msg/AudioInfo.msg
[2.101s] -- Up-to-date: /home/mariem/ros2_ws/install/audio_common_msgs/share/ament_index/resource_index/package_run_dependencies/audio_common_msgs
[2.101s] -- Up-to-date: /home/mariem/ros2_ws/install/audio_common_msgs/share/ament_index/resource_index/parent_prefix_path/audio_common_msgs
[2.101s] -- Up-to-date: /home/mariem/ros2_ws/install/audio_common_msgs/share/audio_common_msgs/environment/ament_prefix_path.sh
[2.101s] -- Up-to-date: /home/mariem/ros2_ws/install/audio_common_msgs/share/audio_common_msgs/environment/ament_prefix_path.dsv
[2.101s] -- Up-to-date: /home/mariem/ros2_ws/install/audio_common_msgs/share/audio_common_msgs/environment/path.sh
[2.101s] -- Up-to-date: /home/mariem/ros2_ws/install/audio_common_msgs/share/audio_common_msgs/environment/path.dsv
[2.103s] -- Up-to-date: /home/mariem/ros2_ws/install/audio_common_msgs/share/audio_common_msgs/local_setup.bash
[2.103s] -- Up-to-date: /home/mariem/ros2_ws/install/audio_common_msgs/share/audio_common_msgs/local_setup.sh
[2.103s] -- Up-to-date: /home/mariem/ros2_ws/install/audio_common_msgs/share/audio_common_msgs/local_setup.zsh
[2.103s] -- Up-to-date: /home/mariem/ros2_ws/install/audio_common_msgs/share/audio_common_msgs/local_setup.dsv
[2.103s] -- Installing: /home/mariem/ros2_ws/install/audio_common_msgs/share/audio_common_msgs/package.dsv
[2.106s] -- Up-to-date: /home/mariem/ros2_ws/install/audio_common_msgs/share/ament_index/resource_index/packages/audio_common_msgs
[2.110s] -- Up-to-date: /home/mariem/ros2_ws/install/audio_common_msgs/share/audio_common_msgs/cmake/export_audio_common_msgs__rosidl_generator_cExport.cmake
[2.110s] -- Up-to-date: /home/mariem/ros2_ws/install/audio_common_msgs/share/audio_common_msgs/cmake/export_audio_common_msgs__rosidl_generator_cExport-noconfig.cmake
[2.111s] -- Up-to-date: /home/mariem/ros2_ws/install/audio_common_msgs/share/audio_common_msgs/cmake/export_audio_common_msgs__rosidl_typesupport_fastrtps_cExport.cmake
[2.112s] -- Up-to-date: /home/mariem/ros2_ws/install/audio_common_msgs/share/audio_common_msgs/cmake/export_audio_common_msgs__rosidl_typesupport_fastrtps_cExport-noconfig.cmake
[2.114s] -- Up-to-date: /home/mariem/ros2_ws/install/audio_common_msgs/share/audio_common_msgs/cmake/audio_common_msgs__rosidl_typesupport_introspection_cExport.cmake
[2.114s] -- Up-to-date: /home/mariem/ros2_ws/install/audio_common_msgs/share/audio_common_msgs/cmake/audio_common_msgs__rosidl_typesupport_introspection_cExport-noconfig.cmake
[2.117s] -- Up-to-date: /home/mariem/ros2_ws/install/audio_common_msgs/share/audio_common_msgs/cmake/audio_common_msgs__rosidl_typesupport_cExport.cmake
[2.117s] -- Up-to-date: /home/mariem/ros2_ws/install/audio_common_msgs/share/audio_common_msgs/cmake/audio_common_msgs__rosidl_typesupport_cExport-noconfig.cmake
[2.120s] -- Up-to-date: /home/mariem/ros2_ws/install/audio_common_msgs/share/audio_common_msgs/cmake/export_audio_common_msgs__rosidl_generator_cppExport.cmake
[2.122s] -- Up-to-date: /home/mariem/ros2_ws/install/audio_common_msgs/share/audio_common_msgs/cmake/export_audio_common_msgs__rosidl_typesupport_fastrtps_cppExport.cmake
[2.122s] -- Up-to-date: /home/mariem/ros2_ws/install/audio_common_msgs/share/audio_common_msgs/cmake/export_audio_common_msgs__rosidl_typesupport_fastrtps_cppExport-noconfig.cmake
[2.124s] -- Up-to-date: /home/mariem/ros2_ws/install/audio_common_msgs/share/audio_common_msgs/cmake/audio_common_msgs__rosidl_typesupport_introspection_cppExport.cmake
[2.124s] -- Up-to-date: /home/mariem/ros2_ws/install/audio_common_msgs/share/audio_common_msgs/cmake/audio_common_msgs__rosidl_typesupport_introspection_cppExport-noconfig.cmake
[2.125s] -- Up-to-date: /home/mariem/ros2_ws/install/audio_common_msgs/share/audio_common_msgs/cmake/audio_common_msgs__rosidl_typesupport_cppExport.cmake
[2.125s] -- Up-to-date: /home/mariem/ros2_ws/install/audio_common_msgs/share/audio_common_msgs/cmake/audio_common_msgs__rosidl_typesupport_cppExport-noconfig.cmake
[2.128s] -- Up-to-date: /home/mariem/ros2_ws/install/audio_common_msgs/share/audio_common_msgs/cmake/export_audio_common_msgs__rosidl_generator_pyExport.cmake
[2.128s] -- Up-to-date: /home/mariem/ros2_ws/install/audio_common_msgs/share/audio_common_msgs/cmake/export_audio_common_msgs__rosidl_generator_pyExport-noconfig.cmake
[2.128s] -- Up-to-date: /home/mariem/ros2_ws/install/audio_common_msgs/share/audio_common_msgs/cmake/rosidl_cmake-extras.cmake
[2.128s] -- Up-to-date: /home/mariem/ros2_ws/install/audio_common_msgs/share/audio_common_msgs/cmake/ament_cmake_export_dependencies-extras.cmake
[2.128s] -- Up-to-date: /home/mariem/ros2_ws/install/audio_common_msgs/share/audio_common_msgs/cmake/ament_cmake_export_include_directories-extras.cmake
[2.129s] -- Up-to-date: /home/mariem/ros2_ws/install/audio_common_msgs/share/audio_common_msgs/cmake/ament_cmake_export_libraries-extras.cmake
[2.129s] -- Up-to-date: /home/mariem/ros2_ws/install/audio_common_msgs/share/audio_common_msgs/cmake/ament_cmake_export_targets-extras.cmake
[2.129s] -- Up-to-date: /home/mariem/ros2_ws/install/audio_common_msgs/share/audio_common_msgs/cmake/rosidl_cmake_export_typesupport_targets-extras.cmake
[2.129s] -- Up-to-date: /home/mariem/ros2_ws/install/audio_common_msgs/share/audio_common_msgs/cmake/rosidl_cmake_export_typesupport_libraries-extras.cmake
[2.131s] -- Up-to-date: /home/mariem/ros2_ws/install/audio_common_msgs/share/audio_common_msgs/cmake/audio_common_msgsConfig.cmake
[2.131s] -- Up-to-date: /home/mariem/ros2_ws/install/audio_common_msgs/share/audio_common_msgs/cmake/audio_common_msgsConfig-version.cmake
[2.131s] -- Up-to-date: /home/mariem/ros2_ws/install/audio_common_msgs/share/audio_common_msgs/package.xml
[2.137s] Invoked command in '/home/mariem/ros2_ws/build/audio_common_msgs' returned '0': CMAKE_PREFIX_PATH=${CMAKE_PREFIX_PATH}:/opt/ros/humble /usr/bin/cmake --install /home/mariem/ros2_ws/build/audio_common_msgs
